\BOOKMARK [0][-]{section*.1}{\376\377\000\315\000n\000d\000i\000c\000e\000\040\000g\000e\000n\000e\000r\000a\000l}{}% 1
\BOOKMARK [0][-]{section*.2}{\376\377\000\315\000n\000d\000i\000c\000e\000\040\000d\000e\000\040\000f\000i\000g\000u\000r\000a\000s}{}% 2
\BOOKMARK [0][-]{section*.3}{\376\377\000\315\000n\000d\000i\000c\000e\000\040\000d\000e\000\040\000t\000a\000b\000l\000a\000s}{}% 3
\BOOKMARK [0][-]{appendix.Alph1}{\376\377\000P\000l\000a\000n\000\040\000d\000e\000\040\000P\000r\000o\000y\000e\000c\000t\000o\000\040\000S\000o\000f\000t\000w\000a\000r\000e}{}% 4
\BOOKMARK [1][-]{section.Alph1.1}{\376\377\000I\000n\000t\000r\000o\000d\000u\000c\000c\000i\000\363\000n}{appendix.Alph1}% 5
\BOOKMARK [1][-]{section.Alph1.2}{\376\377\000O\000b\000j\000e\000t\000i\000v\000o\000s}{appendix.Alph1}% 6
\BOOKMARK [1][-]{section.Alph1.3}{\376\377\000A\000l\000c\000a\000n\000c\000e\000\040\000d\000e\000l\000\040\000P\000r\000o\000y\000e\000c\000t\000o}{appendix.Alph1}% 7
\BOOKMARK [1][-]{section.Alph1.4}{\376\377\000C\000r\000o\000n\000o\000g\000r\000a\000m\000a}{appendix.Alph1}% 8
\BOOKMARK [1][-]{section.Alph1.5}{\376\377\000R\000e\000c\000u\000r\000s\000o\000s}{appendix.Alph1}% 9
\BOOKMARK [1][-]{section.Alph1.6}{\376\377\000R\000i\000e\000s\000g\000o\000s\000\040\000y\000\040\000M\000i\000t\000i\000g\000a\000c\000i\000\363\000n}{appendix.Alph1}% 10
\BOOKMARK [1][-]{section.Alph1.7}{\376\377\000C\000o\000n\000t\000r\000o\000l\000\040\000y\000\040\000S\000e\000g\000u\000i\000m\000i\000e\000n\000t\000o}{appendix.Alph1}% 11
\BOOKMARK [1][-]{section.Alph1.8}{\376\377\000C\000o\000n\000c\000l\000u\000s\000i\000o\000n\000e\000s}{appendix.Alph1}% 12
\BOOKMARK [0][-]{appendix.Alph2}{\376\377\000P\000l\000a\000n\000\040\000d\000e\000\040\000C\000a\000l\000i\000d\000a\000d\000\040\000d\000e\000l\000\040\000P\000r\000o\000y\000e\000c\000t\000o}{}% 13
\BOOKMARK [1][-]{section.Alph2.1}{\376\377\000I\000n\000t\000r\000o\000d\000u\000c\000c\000i\000\363\000n}{appendix.Alph2}% 14
\BOOKMARK [1][-]{section.Alph2.2}{\376\377\000C\000a\000s\000o\000s\000\040\000d\000e\000\040\000u\000s\000o}{appendix.Alph2}% 15
\BOOKMARK [1][-]{section.Alph2.3}{\376\377\000O\000b\000j\000e\000t\000i\000v\000o\000s\000\040\000d\000e\000\040\000C\000a\000l\000i\000d\000a\000d}{appendix.Alph2}% 16
\BOOKMARK [1][-]{section.Alph2.4}{\376\377\000E\000s\000t\000r\000a\000t\000e\000g\000i\000a\000\040\000d\000e\000\040\000C\000a\000l\000i\000d\000a\000d}{appendix.Alph2}% 17
\BOOKMARK [1][-]{section.Alph2.5}{\376\377\000P\000r\000o\000c\000e\000s\000o\000s\000\040\000p\000a\000r\000a\000\040\000G\000a\000r\000a\000n\000t\000i\000z\000a\000r\000\040\000l\000a\000\040\000C\000a\000l\000i\000d\000a\000d}{appendix.Alph2}% 18
\BOOKMARK [1][-]{section.Alph2.6}{\376\377\000C\000r\000i\000t\000e\000r\000i\000o\000s\000\040\000d\000e\000\040\000A\000c\000e\000p\000t\000a\000c\000i\000\363\000n}{appendix.Alph2}% 19
\BOOKMARK [1][-]{section.Alph2.7}{\376\377\000M\000\351\000t\000r\000i\000c\000a\000s\000\040\000d\000e\000\040\000C\000a\000l\000i\000d\000a\000d}{appendix.Alph2}% 20
\BOOKMARK [1][-]{section.Alph2.8}{\376\377\000R\000e\000s\000p\000o\000n\000s\000a\000b\000i\000l\000i\000d\000a\000d\000e\000s}{appendix.Alph2}% 21
\BOOKMARK [0][-]{appendix.Alph3}{\376\377\000E\000s\000p\000e\000c\000i\000f\000i\000c\000a\000c\000i\000\363\000n\000\040\000d\000e\000\040\000p\000e\000r\000m\000i\000s\000o\000s}{}% 22
\BOOKMARK [1][-]{section.Alph3.1}{\376\377\000R\000o\000l\000e\000s\000\040\000P\000r\000e\000d\000e\000f\000i\000n\000i\000d\000o\000s\000\040\000e\000n\000\040\000P\000A\000M\0003\0006\0000}{appendix.Alph3}% 23
